<?xml version="1.0" encoding="UTF-8"?>
<testng-results ignored="0" total="1" passed="1" failed="0" skipped="0">
  <reporter-output>
  </reporter-output>
  <suite started-at="2024-09-14T17:49:27 IST" name="Default suite" finished-at="2024-09-14T17:49:31 IST" duration-ms="3695">
    <groups>
    </groups>
    <test started-at="2024-09-14T17:49:27 IST" name="Default test" finished-at="2024-09-14T17:49:31 IST" duration-ms="3695">
      <class name="tests.RestGetAndPost">
        <test-method signature="restPost()[pri:0, instance:tests.RestGetAndPost@f09733f]" started-at="2024-09-14T17:49:28 IST" name="restPost" finished-at="2024-09-14T17:49:31 IST" duration-ms="3593" status="PASS">
          <reporter-output>
          </reporter-output>
        </test-method> <!-- restPost -->
      </class> <!-- tests.RestGetAndPost -->
    </test> <!-- Default test -->
  </suite> <!-- Default suite -->
</testng-results>
